# JRE version: OpenJDK Runtime Environment (8.0_242-b01) (build 1.8.0_242-release-1644-b01)
# Java VM: OpenJDK 64-Bit Server VM (25.242-b01 mixed mode windows-amd64 compressed oops)
Heap:
 PSYoungGen      total 188416K, used 32055K [0x000000076b400000, 0x000000077cf00000, 0x00000007c0000000)
  eden space 177664K, 18% used [0x000000076b400000,0x000000076d34de10,0x0000000776180000)
  from space 10752K, 0% used [0x0000000776180000,0x0000000776180000,0x0000000776c00000)
  to   space 45056K, 0% used [0x000000077a300000,0x000000077a300000,0x000000077cf00000)
 ParOldGen       total 364544K, used 56235K [0x00000006c1c00000, 0x00000006d8000000, 0x000000076b400000)
  object space 364544K, 15% used [0x00000006c1c00000,0x00000006c52ead98,0x00000006d8000000)
 Metaspace       used 61863K, capacity 63126K, committed 63360K, reserved 1107968K
  class space    used 7144K, capacity 7453K, committed 7552K, reserved 1048576K
GC Heap History (10 events):
Event: 7.370 GC heap before
{Heap before GC invocations=8 (full 3):
 PSYoungGen      total 188416K, used 10746K [0x000000076b400000, 0x000000077d600000, 0x00000007c0000000)
  eden space 177664K, 0% used [0x000000076b400000,0x000000076b400000,0x0000000776180000)
  from space 10752K, 99% used [0x0000000776180000,0x0000000776bfe8d0,0x0000000776c00000)
  to   space 39936K, 0% used [0x000000077af00000,0x000000077af00000,0x000000077d600000)
 ParOldGen       total 236032K, used 85637K [0x00000006c1c00000, 0x00000006d0280000, 0x000000076b400000)
  object space 236032K, 36% used [0x00000006c1c00000,0x00000006c6fa1730,0x00000006d0280000)
 Metaspace       used 57753K, capacity 58892K, committed 59028K, reserved 1101824K
  class space    used 6807K, capacity 7100K, committed 7168K, reserved 1048576K
Event: 7.578 GC heap after
Heap after GC invocations=8 (full 3):
 PSYoungGen      total 188416K, used 0K [0x000000076b400000, 0x000000077d600000, 0x00000007c0000000)
  eden space 177664K, 0% used [0x000000076b400000,0x000000076b400000,0x0000000776180000)
  from space 10752K, 0% used [0x0000000776180000,0x0000000776180000,0x0000000776c00000)
  to   space 39936K, 0% used [0x000000077af00000,0x000000077af00000,0x000000077d600000)
 ParOldGen       total 364544K, used 79683K [0x00000006c1c00000, 0x00000006d8000000, 0x000000076b400000)
  object space 364544K, 21% used [0x00000006c1c00000,0x00000006c69d0d68,0x00000006d8000000)
 Metaspace       used 57753K, capacity 58892K, committed 59028K, reserved 1101824K
  class space    used 6807K, capacity 7100K, committed 7168K, reserved 1048576K
}
Event: 8.009 GC heap before
{Heap before GC invocations=9 (full 3):
 PSYoungGen      total 188416K, used 24151K [0x000000076b400000, 0x000000077d600000, 0x00000007c0000000)
  eden space 177664K, 13% used [0x000000076b400000,0x000000076cb95f00,0x0000000776180000)
  from space 10752K, 0% used [0x0000000776180000,0x0000000776180000,0x0000000776c00000)
  to   space 39936K, 0% used [0x000000077af00000,0x000000077af00000,0x000000077d600000)
 ParOldGen       total 364544K, used 79683K [0x00000006c1c00000, 0x00000006d8000000, 0x000000076b400000)
  object space 364544K, 21% used [0x00000006c1c00000,0x00000006c69d0d68,0x00000006d8000000)
 Metaspace       used 61134K, capacity 62342K, committed 62592K, reserved 1110016K
  class space    used 7111K, capacity 7425K, committed 7552K, reserved 1048576K
Event: 8.015 GC heap after
Heap after GC invocations=9 (full 3):
 PSYoungGen      total 217600K, used 4036K [0x000000076b400000, 0x000000077d600000, 0x00000007c0000000)
  eden space 177664K, 0% used [0x000000076b400000,0x000000076b400000,0x0000000776180000)
  from space 39936K, 10% used [0x000000077af00000,0x000000077b2f1340,0x000000077d600000)
  to   space 10752K, 0% used [0x0000000776180000,0x0000000776180000,0x0000000776c00000)
 ParOldGen       total 364544K, used 79691K [0x00000006c1c00000, 0x00000006d8000000, 0x000000076b400000)
  object space 364544K, 21% used [0x00000006c1c00000,0x00000006c69d2d68,0x00000006d8000000)
 Metaspace       used 61134K, capacity 62342K, committed 62592K, reserved 1110016K
  class space    used 7111K, capacity 7425K, committed 7552K, reserved 1048576K
}
Event: 8.015 GC heap before
{Heap before GC invocations=10 (full 4):
 PSYoungGen      total 217600K, used 4036K [0x000000076b400000, 0x000000077d600000, 0x00000007c0000000)
  eden space 177664K, 0% used [0x000000076b400000,0x000000076b400000,0x0000000776180000)
  from space 39936K, 10% used [0x000000077af00000,0x000000077b2f1340,0x000000077d600000)
  to   space 10752K, 0% used [0x0000000776180000,0x0000000776180000,0x0000000776c00000)
 ParOldGen       total 364544K, used 79691K [0x00000006c1c00000, 0x00000006d8000000, 0x000000076b400000)
  object space 364544K, 21% used [0x00000006c1c00000,0x00000006c69d2d68,0x00000006d8000000)
 Metaspace       used 61134K, capacity 62342K, committed 62592K, reserved 1110016K
  class space    used 7111K, capacity 7425K, committed 7552K, reserved 1048576K
Event: 8.151 GC heap after
Heap after GC invocations=10 (full 4):
 PSYoungGen      total 217600K, used 0K [0x000000076b400000, 0x000000077d600000, 0x00000007c0000000)
  eden space 177664K, 0% used [0x000000076b400000,0x000000076b400000,0x0000000776180000)
  from space 39936K, 0% used [0x000000077af00000,0x000000077af00000,0x000000077d600000)
  to   space 10752K, 0% used [0x0000000776180000,0x0000000776180000,0x0000000776c00000)
 ParOldGen       total 364544K, used 62158K [0x00000006c1c00000, 0x00000006d8000000, 0x000000076b400000)
  object space 364544K, 17% used [0x00000006c1c00000,0x00000006c58b3bd0,0x00000006d8000000)
 Metaspace       used 61134K, capacity 62342K, committed 62592K, reserved 1107968K
  class space    used 7111K, capacity 7425K, committed 7552K, reserved 1048576K
}
Event: 8.151 GC heap before
{Heap before GC invocations=11 (full 4):
 PSYoungGen      total 217600K, used 0K [0x000000076b400000, 0x000000077d600000, 0x00000007c0000000)
  eden space 177664K, 0% used [0x000000076b400000,0x000000076b400000,0x0000000776180000)
  from space 39936K, 0% used [0x000000077af00000,0x000000077af00000,0x000000077d600000)
  to   space 10752K, 0% used [0x0000000776180000,0x0000000776180000,0x0000000776c00000)
 ParOldGen       total 364544K, used 62158K [0x00000006c1c00000, 0x00000006d8000000, 0x000000076b400000)
  object space 364544K, 17% used [0x00000006c1c00000,0x00000006c58b3bd0,0x00000006d8000000)
 Metaspace       used 61134K, capacity 62342K, committed 62592K, reserved 1112064K
  class space    used 7111K, capacity 7425K, committed 7552K, reserved 1048576K
Event: 8.153 GC heap after
Heap after GC invocations=11 (full 4):
 PSYoungGen      total 188416K, used 0K [0x000000076b400000, 0x000000077cf00000, 0x00000007c0000000)
  eden space 177664K, 0% used [0x000000076b400000,0x000000076b400000,0x0000000776180000)
  from space 10752K, 0% used [0x0000000776180000,0x0000000776180000,0x0000000776c00000)
  to   space 45056K, 0% used [0x000000077a300000,0x000000077a300000,0x000000077cf00000)
 ParOldGen       total 364544K, used 62158K [0x00000006c1c00000, 0x00000006d8000000, 0x000000076b400000)
  object space 364544K, 17% used [0x00000006c1c00000,0x00000006c58b3bd0,0x00000006d8000000)
 Metaspace       used 61134K, capacity 62342K, committed 62592K, reserved 1112064K
  class space    used 7111K, capacity 7425K, committed 7552K, reserved 1048576K
}
Event: 8.153 GC heap before
{Heap before GC invocations=12 (full 5):
 PSYoungGen      total 188416K, used 0K [0x000000076b400000, 0x000000077cf00000, 0x00000007c0000000)
  eden space 177664K, 0% used [0x000000076b400000,0x000000076b400000,0x0000000776180000)
  from space 10752K, 0% used [0x0000000776180000,0x0000000776180000,0x0000000776c00000)
  to   space 45056K, 0% used [0x000000077a300000,0x000000077a300000,0x000000077cf00000)
 ParOldGen       total 364544K, used 62158K [0x00000006c1c00000, 0x00000006d8000000, 0x000000076b400000)
  object space 364544K, 17% used [0x00000006c1c00000,0x00000006c58b3bd0,0x00000006d8000000)
 Metaspace       used 61134K, capacity 62342K, committed 62592K, reserved 1112064K
  class space    used 7111K, capacity 7425K, committed 7552K, reserved 1048576K
Event: 8.378 GC heap after
Heap after GC invocations=12 (full 5):
 PSYoungGen      total 188416K, used 0K [0x000000076b400000, 0x000000077cf00000, 0x00000007c0000000)
  eden space 177664K, 0% used [0x000000076b400000,0x000000076b400000,0x0000000776180000)
  from space 10752K, 0% used [0x0000000776180000,0x0000000776180000,0x0000000776c00000)
  to   space 45056K, 0% used [0x000000077a300000,0x000000077a300000,0x000000077cf00000)
 ParOldGen       total 364544K, used 56235K [0x00000006c1c00000, 0x00000006d8000000, 0x000000076b400000)
  object space 364544K, 15% used [0x00000006c1c00000,0x00000006c52ead98,0x00000006d8000000)
 Metaspace       used 61108K, capacity 62300K, committed 62592K, reserved 1107968K
  class space    used 7104K, capacity 7412K, committed 7552K, reserved 1048576K
}

